<?xml version="1.0" encoding="UTF-8"?>
<testng-results skipped="0" failed="0" total="2" passed="2">
  <reporter-output>
  </reporter-output>
  <suite name="Suite" duration-ms="225026" started-at="2017-03-06T03:59:19Z" finished-at="2017-03-06T04:03:04Z">
    <groups>
    </groups>
    <test name="Test" duration-ms="225026" started-at="2017-03-06T03:59:19Z" finished-at="2017-03-06T04:03:04Z">
      <class name="com.izt.snow.automation.incidentmanagement.Incident">
        <test-method status="PASS" signature="beforeClass()[pri:0, instance:com.izt.snow.automation.incidentmanagement.Incident@6ec43a7a]" name="beforeClass" is-config="true" duration-ms="27816" started-at="2017-03-06T09:29:19Z" finished-at="2017-03-06T09:29:47Z">
          <reporter-output>
          </reporter-output>
        </test-method> <!-- beforeClass -->
        <test-method status="PASS" signature="beforeMethod()[pri:0, instance:com.izt.snow.automation.incidentmanagement.Incident@6ec43a7a]" name="beforeMethod" is-config="true" duration-ms="25162" started-at="2017-03-06T09:29:47Z" finished-at="2017-03-06T09:30:12Z">
          <reporter-output>
          </reporter-output>
        </test-method> <!-- beforeMethod -->
        <test-method status="PASS" signature="createNewIncident()[pri:1, instance:com.izt.snow.automation.incidentmanagement.Incident@6ec43a7a]" name="createNewIncident" duration-ms="44886" started-at="2017-03-06T09:30:12Z" finished-at="2017-03-06T09:30:57Z">
          <reporter-output>
          </reporter-output>
        </test-method> <!-- createNewIncident -->
        <test-method status="PASS" signature="afterMethod(org.testng.ITestResult)[pri:0, instance:com.izt.snow.automation.incidentmanagement.Incident@6ec43a7a]" name="afterMethod" is-config="true" duration-ms="7609" started-at="2017-03-06T09:30:57Z" finished-at="2017-03-06T09:31:04Z">
          <params>
            <param index="0">
              <value>
                <![CDATA[[TestResult name=createNewIncident status=SUCCESS method=Incident.createNewIncident()[pri:1, instance:com.izt.snow.automation.incidentmanagement.Incident@6ec43a7a] output={null}]]]>
              </value>
            </param>
          </params>
          <reporter-output>
          </reporter-output>
        </test-method> <!-- afterMethod -->
        <test-method status="PASS" signature="beforeMethod()[pri:0, instance:com.izt.snow.automation.incidentmanagement.Incident@6ec43a7a]" name="beforeMethod" is-config="true" duration-ms="28305" started-at="2017-03-06T09:31:04Z" finished-at="2017-03-06T09:31:33Z">
          <reporter-output>
          </reporter-output>
        </test-method> <!-- beforeMethod -->
        <test-method status="PASS" signature="inProgress()[pri:1, instance:com.izt.snow.automation.incidentmanagement.Incident@6ec43a7a]" name="inProgress" duration-ms="83818" started-at="2017-03-06T09:31:33Z" finished-at="2017-03-06T09:32:56Z">
          <reporter-output>
          </reporter-output>
        </test-method> <!-- inProgress -->
        <test-method status="PASS" signature="afterMethod(org.testng.ITestResult)[pri:0, instance:com.izt.snow.automation.incidentmanagement.Incident@6ec43a7a]" name="afterMethod" is-config="true" duration-ms="7404" started-at="2017-03-06T09:32:56Z" finished-at="2017-03-06T09:33:04Z">
          <params>
            <param index="0">
              <value>
                <![CDATA[[TestResult name=inProgress status=SUCCESS method=Incident.inProgress()[pri:1, instance:com.izt.snow.automation.incidentmanagement.Incident@6ec43a7a] output={null}]]]>
              </value>
            </param>
          </params>
          <reporter-output>
          </reporter-output>
        </test-method> <!-- afterMethod -->
        <test-method status="PASS" signature="afterClass()[pri:0, instance:com.izt.snow.automation.incidentmanagement.Incident@6ec43a7a]" name="afterClass" is-config="true" duration-ms="0" started-at="2017-03-06T09:33:04Z" finished-at="2017-03-06T09:33:04Z">
          <reporter-output>
          </reporter-output>
        </test-method> <!-- afterClass -->
      </class> <!-- com.izt.snow.automation.incidentmanagement.Incident -->
    </test> <!-- Test -->
  </suite> <!-- Suite -->
</testng-results>
